TN:
SF:script/Contract.s.sol
FN:7,ContractScript.setUp
FNDA:0,ContractScript.setUp
FN:9,ContractScript.run
FNDA:0,ContractScript.run
DA:10,0
FNF:2
FNH:0
LF:1
LH:0
BRF:0
BRH:0
end_of_record
TN:
SF:src/Controller.sol
FN:73,Controller.nodeRegister
FNDA:14,Controller.nodeRegister
DA:74,14
BRDA:74,0,0,1
BRDA:74,0,1,13
DA:79,13
DA:80,13
DA:81,13
DA:82,13
DA:83,13
DA:84,13
DA:86,13
DA:87,13
DA:88,13
FN:91,Controller.nodeJoin
FNDA:13,Controller.nodeJoin
DA:93,13
DA:94,13
FN:103,Controller.findOrCreateTargetGroup
FNDA:13,Controller.findOrCreateTargetGroup
DA:110,13
BRDA:110,1,0,5
BRDA:110,1,1,8
DA:111,5
DA:112,5
DA:114,8
FN:117,Controller.addGroup
FNDA:5,Controller.addGroup
DA:118,5
DA:119,5
DA:120,5
DA:121,5
DA:122,5
DA:123,5
DA:124,5
FN:127,Controller.addToGroup
FNDA:13,Controller.addToGroup
DA:133,13
DA:136,13
DA:137,13
DA:138,13
DA:141,13
DA:142,13
DA:145,13
DA:147,13
DA:151,13
BRDA:151,2,0,4
BRDA:151,2,1,13
DA:152,4
FN:156,Controller.minimumThreshold
FNDA:16,Controller.minimumThreshold
DA:161,16
DA:162,16
FN:165,Controller.emitGroupEvent
FNDA:8,Controller.emitGroupEvent
DA:166,8
BRDA:166,3,0,4
BRDA:166,3,1,4
DA:168,4
DA:169,4
DA:170,4
DA:173,4
DA:174,4
DA:175,4
DA:178,4
DA:179,4
DA:181,4
DA:182,12
DA:183,12
DA:186,4
FN:197,Controller.NodeInMembers
FNDA:2,Controller.NodeInMembers
DA:202,7
DA:203,7
DA:204,11
BRDA:204,4,0,5
BRDA:204,4,1,6
DA:205,5
DA:208,2
FN:212,Controller.PartialKeyRegistered
FNDA:1,Controller.PartialKeyRegistered
DA:217,5
DA:218,5
DA:220,4
BRDA:219,5,0,1
BRDA:219,5,1,3
DA:224,1
DA:227,4
FN:230,Controller.commitDkg
FNDA:7,Controller.commitDkg
DA:244,7
BRDA:244,6,0,1
BRDA:244,6,1,6
DA:247,6
BRDA:247,7,0,-
BRDA:247,7,1,6
DA:253,6
DA:254,6
DA:255,6
BRDA:255,8,0,-
BRDA:255,8,1,6
DA:258,6
DA:259,6
BRDA:259,9,0,1
BRDA:259,9,1,5
DA:263,5
BRDA:263,10,0,1
BRDA:263,10,1,4
DA:267,4
BRDA:267,11,0,1
BRDA:267,11,1,3
DA:273,3
DA:279,3
DA:285,3
DA:288,3
BRDA:288,12,0,-
BRDA:288,12,1,-
DA:290,0
DA:291,0
BRDA:291,13,0,-
BRDA:291,13,1,-
DA:292,0
DA:297,3
DA:300,3
DA:302,3
BRDA:302,14,0,-
BRDA:302,14,1,6
DA:303,2
BRDA:303,15,0,-
BRDA:303,15,1,6
DA:304,1
DA:306,1
DA:307,3
DA:308,18
BRDA:308,16,0,-
BRDA:308,16,1,6
DA:309,6
FN:330,Controller.getStrictlyMajorityIdenticalCommitmentResult
FNDA:3,Controller.getStrictlyMajorityIdenticalCommitmentResult
DA:334,3
DA:337,3
DA:338,6
DA:339,6
DA:342,6
BRDA:342,17,0,-
BRDA:342,17,1,5
DA:343,5
DA:347,1
DA:348,1
DA:351,1
DA:358,3
DA:359,3
DA:360,3
DA:364,3
BRDA:363,18,0,2
BRDA:363,18,1,9
DA:368,2
DA:374,1
FN:384,Controller.tNonexistantGroup
FNDA:4,Controller.tNonexistantGroup
DA:385,4
FN:388,Controller.tMinimumThreshold
FNDA:3,Controller.tMinimumThreshold
DA:393,3
FN:396,Controller.getNode
FNDA:1,Controller.getNode
DA:397,1
FN:400,Controller.getGroup
FNDA:8,Controller.getGroup
DA:401,8
FN:404,Controller.getMember
FNDA:0,Controller.getMember
DA:409,0
FN:412,Controller.getCoordinator
FNDA:4,Controller.getCoordinator
DA:413,4
FNF:17
FNH:16
LF:104
LH:100
BRF:38
BRH:28
end_of_record
TN:
SF:src/Coordinator.sol
FN:111,Coordinator.initialize
FNDA:13,Coordinator.initialize
DA:118,11
DA:119,33
DA:120,33
DA:121,33
DA:124,11
FN:130,Coordinator.publish
FNDA:12,Coordinator.publish
DA:131,11
DA:133,11
BRDA:133,0,0,1
BRDA:133,0,1,3
DA:134,4
BRDA:134,1,0,1
BRDA:134,1,1,3
DA:138,3
DA:139,7
BRDA:139,2,0,1
BRDA:139,2,1,2
DA:140,3
BRDA:140,3,0,1
BRDA:140,3,1,2
DA:144,2
DA:145,4
BRDA:145,4,0,1
BRDA:145,4,1,2
DA:146,3
BRDA:146,5,0,1
BRDA:146,5,1,2
DA:150,2
DA:152,1
FN:160,Coordinator.getShares
FNDA:2,Coordinator.getShares
DA:161,2
DA:162,2
DA:163,6
DA:166,2
FN:170,Coordinator.getResponses
FNDA:1,Coordinator.getResponses
DA:171,1
DA:172,1
DA:173,3
DA:176,1
FN:180,Coordinator.getJustifications
FNDA:1,Coordinator.getJustifications
DA:181,1
DA:182,1
DA:183,3
DA:186,1
FN:190,Coordinator.getParticipants
FNDA:1,Coordinator.getParticipants
DA:191,1
FN:195,Coordinator.getBlsKeys
FNDA:1,Coordinator.getBlsKeys
DA:196,1
DA:197,1
DA:198,3
DA:201,1
FN:205,Coordinator.inPhase
FNDA:16,Coordinator.inPhase
DA:206,16
BRDA:206,6,0,2
BRDA:206,6,1,14
DA:207,2
DA:210,14
DA:214,14
BRDA:214,7,0,8
BRDA:214,7,1,6
DA:215,8
DA:218,6
BRDA:218,8,0,2
BRDA:218,8,1,4
DA:219,2
DA:222,4
BRDA:222,9,0,2
BRDA:222,9,1,2
DA:223,2
DA:225,2
BRDA:225,10,0,1
BRDA:225,10,1,1
DA:226,1
DA:232,1
FNF:8
FNH:8
LF:45
LH:45
BRF:22
BRH:22
end_of_record
TN:
SF:test/Controller.t.sol
FN:359,Bool.toUInt256
FNDA:0,Bool.toUInt256
DA:361,0
FN:365,Bool.toBool
FNDA:0,Bool.toBool
DA:367,0
BRDA:367,0,0,-
BRDA:367,0,1,-
DA:368,0
DA:369,0
BRDA:369,1,0,-
BRDA:369,1,1,-
DA:370,0
FN:374,Bool.toText
FNDA:0,Bool.toText
DA:375,0
DA:376,0
DA:377,0
FNF:3
FNH:0
LF:8
LH:0
BRF:4
BRH:0
end_of_record
